[debug] [2020-10-29T16:28:00.933Z] ----------------------------------------------------------------------
[debug] [2020-10-29T16:28:00.935Z] Command:       /Users/richardchea/.nvm/versions/node/v13.12.0/bin/node /Users/richardchea/.nvm/versions/node/v13.12.0/bin/firebase init
[debug] [2020-10-29T16:28:00.936Z] CLI Version:   8.14.1
[debug] [2020-10-29T16:28:00.936Z] Platform:      darwin
[debug] [2020-10-29T16:28:00.936Z] Node Version:  v13.12.0
[debug] [2020-10-29T16:28:00.937Z] Time:          Thu Oct 29 2020 09:28:00 GMT-0700 (Pacific Daylight Time)
[debug] [2020-10-29T16:28:00.938Z] ----------------------------------------------------------------------
[debug] [2020-10-29T16:28:00.938Z] 
[debug] [2020-10-29T16:28:00.942Z] > command requires scopes: ["email","openid","https://www.googleapis.com/auth/cloudplatformprojects.readonly","https://www.googleapis.com/auth/firebase","https://www.googleapis.com/auth/cloud-platform"]
[debug] [2020-10-29T16:28:00.943Z] > authorizing via signed-in user
[info] 
     ######## #### ########  ######## ########     ###     ######  ########
     ##        ##  ##     ## ##       ##     ##  ##   ##  ##       ##
     ######    ##  ########  ######   ########  #########  ######  ######
     ##        ##  ##    ##  ##       ##     ## ##     ##       ## ##
     ##       #### ##     ## ######## ########  ##     ##  ######  ########

You're about to initialize a Firebase project in this directory:

  /Users/richardchea/Desktop/test/cc_calc

[info] 
=== Project Setup
[info] 
[info] First, let's associate this project directory with a Firebase project.
[info] You can create multiple project aliases by running firebase use --add, 
[info] but for now we'll just set up a default project.
[info] 
[debug] [2020-10-29T16:28:09.494Z] >>> HTTP REQUEST GET https://firebase.googleapis.com/v1beta1/projects?pageSize=100  
 
[debug] [2020-10-29T16:28:09.710Z] <<< HTTP RESPONSE 200 {"content-type":"application/json; charset=UTF-8","vary":"X-Origin, Referer, Origin,Accept-Encoding","date":"Thu, 29 Oct 2020 16:28:09 GMT","server":"ESF","cache-control":"private","x-xss-protection":"0","x-frame-options":"SAMEORIGIN","x-content-type-options":"nosniff","alt-svc":"h3-Q050=\":443\"; ma=2592000,h3-29=\":443\"; ma=2592000,h3-T051=\":443\"; ma=2592000,h3-T050=\":443\"; ma=2592000,h3-Q046=\":443\"; ma=2592000,h3-Q043=\":443\"; ma=2592000,quic=\":443\"; ma=2592000; v=\"46,43\"","accept-ranges":"none","transfer-encoding":"chunked"}
